<?xml version="1.0" encoding="UTF-8"?>
<!-- Generated by org.testng.reporters.JUnitReportReporter -->
<testsuite hostname="SDWVPCTCS2310" name="com.test.regression.eDeals.testscripts.CreateFlow" tests="1" failures="0" timestamp="28 Sep 2016 09:12:13 GMT" time="298.427" errors="0">
  <testcase name="createDeal" time="298.427" classname="com.test.regression.eDeals.testscripts.CreateFlow"/>
</testsuite> <!-- com.test.regression.eDeals.testscripts.CreateFlow -->
