<?xml version="1.0" encoding="UTF-8"?>
<!-- Generated by org.testng.reporters.JUnitReportReporter -->
<testsuite hostname="sdwvpctcs3201" name="com.test.regression.cub.testscripts.Home" tests="1" failures="0" timestamp="23 Aug 2016 11:35:04 GMT" time="12.441" errors="0">
  <testcase name="signIn" time="12.441" classname="com.test.regression.cub.testscripts.Home"/>
</testsuite> <!-- com.test.regression.cub.testscripts.Home -->
