<?xml version="1.0" encoding="UTF-8"?>
<!-- Generated by org.testng.reporters.JUnitReportReporter -->
<testsuite hostname="SDEVPCSVU7112" name="com.test.regression.cub.testscripts.SignIn" tests="1" failures="0" timestamp="16 Aug 2016 06:41:00 GMT" time="96.708" errors="0">
  <testcase name="userNameNPasswordFieldValidation" time="96.708" classname="com.test.regression.cub.testscripts.SignIn"/>
</testsuite> <!-- com.test.regression.cub.testscripts.SignIn -->
