<?xml version="1.0" encoding="UTF-8"?>
<!-- Generated by org.testng.reporters.JUnitReportReporter -->
<testsuite hostname="SDWVPCTCS2310" name="com.test.regression.eDeals.testscripts.ReviewFlow" tests="1" failures="0" timestamp="29 Sep 2016 07:49:58 GMT" time="71.323" errors="0">
  <testcase name="reviewDeal" time="71.323" classname="com.test.regression.eDeals.testscripts.ReviewFlow"/>
</testsuite> <!-- com.test.regression.eDeals.testscripts.ReviewFlow -->
