<?xml version="1.0" encoding="UTF-8"?>
<!-- Generated by org.testng.reporters.JUnitReportReporter -->
<testsuite hostname="SDEVPCSVU7112" name="com.test.regression.cub.testscripts.Coupons" tests="1" failures="0" timestamp="10 Aug 2016 08:48:24 GMT" time="258.686" errors="0">
  <testcase name="addCouponForAuthorizedUser" time="258.686" classname="com.test.regression.cub.testscripts.Coupons"/>
</testsuite> <!-- com.test.regression.cub.testscripts.Coupons -->
