<?xml version="1.0" encoding="UTF-8"?>
<!-- Generated by org.testng.reporters.JUnitReportReporter -->
<testsuite hostname="SDWVPCTCS2310" name="com.test.regression.eDeals.testscripts.CouponContentValidationFlow" tests="1" failures="0" timestamp="7 Oct 2016 09:23:01 GMT" time="176.152" errors="0">
  <testcase name="couponContentValidation" time="176.152" classname="com.test.regression.eDeals.testscripts.CouponContentValidationFlow"/>
</testsuite> <!-- com.test.regression.eDeals.testscripts.CouponContentValidationFlow -->
