<?xml version="1.0" encoding="UTF-8"?>
<!-- Generated by org.testng.reporters.JUnitReportReporter -->
<testsuite hostname="sdwvpctcs2813" name="com.test.regression.cub.testscripts.CommunicationPref" tests="1" failures="0" timestamp="28 Jul 2016 09:56:16 GMT" time="56.339" errors="0">
  <testcase name="ChngCommPrefEmailSuccess" time="56.339" classname="com.test.regression.cub.testscripts.CommunicationPref"/>
</testsuite> <!-- com.test.regression.cub.testscripts.CommunicationPref -->
