<?xml version="1.0" encoding="UTF-8"?>
<!-- Generated by org.testng.reporters.JUnitReportReporter -->
<testsuite hostname="SDWVPCTCS2310" name="com.test.regression.cub.testscripts.CreateFlow" tests="1" failures="0" timestamp="22 Sep 2016 15:24:53 GMT" time="321.763" errors="0">
  <testcase name="createDeal" time="321.763" classname="com.test.regression.cub.testscripts.CreateFlow"/>
</testsuite> <!-- com.test.regression.cub.testscripts.CreateFlow -->
