<?xml version="1.0" encoding="UTF-8"?>
<!-- Generated by org.testng.reporters.JUnitReportReporter -->
<testsuite hostname="SDWVPCTCS2310" name="com.test.regression.eDeals.testscripts.NegativeFlow" tests="2" failures="0" timestamp="7 Oct 2016 07:02:08 GMT" time="150.764" errors="0">
  <testcase name="Disabled" time="77.478" classname="com.test.regression.eDeals.testscripts.NegativeFlow"/>
  <testcase name="NegDeal" time="73.286" classname="com.test.regression.eDeals.testscripts.NegativeFlow"/>
</testsuite> <!-- com.test.regression.eDeals.testscripts.NegativeFlow -->
