<?xml version="1.0" encoding="UTF-8"?>
<!-- Generated by org.testng.reporters.JUnitReportReporter -->
<testsuite hostname="SDEVPCSVU7112" name="com.test.regression.cub.SignIn_Tests" tests="2" failures="0" timestamp="4 Jul 2016 10:45:19 GMT" time="51.134" errors="0">
  <testcase name="validLogin" time="22.393" classname="com.test.regression.cub.SignIn_Tests"/>
  <testcase name="inValidLogin" time="28.741" classname="com.test.regression.cub.SignIn_Tests"/>
</testsuite> <!-- com.test.regression.cub.SignIn_Tests -->
