<?xml version="1.0" encoding="UTF-8"?>
<!-- Generated by org.testng.reporters.JUnitReportReporter -->
<testsuite hostname="SDEVPCSVU7112" name="com.test.regression.cub.testscripts.HeaderFooterNavigation" tests="20" failures="0" timestamp="13 Jul 2016 10:05:05 GMT" time="734.873" errors="0">
  <testcase name="Recalls" time="30.438" classname="com.test.regression.cub.testscripts.HeaderFooterNavigation"/>
  <testcase name="WeeklyAdTile" time="44.883" classname="com.test.regression.cub.testscripts.HeaderFooterNavigation"/>
  <testcase name="CouponTileSignedInUser" time="49.322" classname="com.test.regression.cub.testscripts.HeaderFooterNavigation"/>
  <testcase name="CouponTile" time="29.116" classname="com.test.regression.cub.testscripts.HeaderFooterNavigation"/>
  <testcase name="CareersSignedInUser" time="34.435" classname="com.test.regression.cub.testscripts.HeaderFooterNavigation"/>
  <testcase name="aboutUsSignedInUser" time="37.662" classname="com.test.regression.cub.testscripts.HeaderFooterNavigation"/>
  <testcase name="PrivacyPolicySignedInUser" time="42.411" classname="com.test.regression.cub.testscripts.HeaderFooterNavigation"/>
  <testcase name="Careers" time="35.495" classname="com.test.regression.cub.testscripts.HeaderFooterNavigation"/>
  <testcase name="RecallsSignedInUser" time="39.601" classname="com.test.regression.cub.testscripts.HeaderFooterNavigation"/>
  <testcase name="CubRewardsTile" time="25.187" classname="com.test.regression.cub.testscripts.HeaderFooterNavigation"/>
  <testcase name="WeeklyAdTileSignedInUser" time="59.004" classname="com.test.regression.cub.testscripts.HeaderFooterNavigation"/>
  <testcase name="CakesandPartyTileSignedInUser" time="38.114" classname="com.test.regression.cub.testscripts.HeaderFooterNavigation"/>
  <testcase name="CustomerService" time="31.160" classname="com.test.regression.cub.testscripts.HeaderFooterNavigation"/>
  <testcase name="CakesandPartyTile" time="24.973" classname="com.test.regression.cub.testscripts.HeaderFooterNavigation"/>
  <testcase name="aboutUs" time="28.868" classname="com.test.regression.cub.testscripts.HeaderFooterNavigation"/>
  <testcase name="TermsAndConditionsSignedInUser" time="39.822" classname="com.test.regression.cub.testscripts.HeaderFooterNavigation"/>
  <testcase name="PrivacyPolicy" time="27.069" classname="com.test.regression.cub.testscripts.HeaderFooterNavigation"/>
  <testcase name="TermsAndConditions" time="28.598" classname="com.test.regression.cub.testscripts.HeaderFooterNavigation"/>
  <testcase name="CustomerServiceSignedInUser" time="39.567" classname="com.test.regression.cub.testscripts.HeaderFooterNavigation"/>
  <testcase name="CubRewardsTileSignedInUser" time="49.148" classname="com.test.regression.cub.testscripts.HeaderFooterNavigation"/>
</testsuite> <!-- com.test.regression.cub.testscripts.HeaderFooterNavigation -->
